The system is: CYGWIN - 3.1.4(0.340/5/3) - x86_64
Compiling the C compiler identification source file "CMakeCCompilerId.c" succeeded.
Compiler: /usr/bin/cc 
Build flags: 
Id flags:  

The output was:
0


Compilation of the C compiler identification source "CMakeCCompilerId.c" produced "a.exe"

The C compiler identification is GNU, found in "/cygdrive/c/Users/dietb/CLionProjects/2188HW9/cmake-build-debug/CMakeFiles/3.15.3/CompilerIdC/a.exe"

Compiling the CXX compiler identification source file "CMakeCXXCompilerId.cpp" succeeded.
Compiler: /usr/bin/c++.exe 
Build flags: 
Id flags:  

The output was:
0


Compilation of the CXX compiler identification source "CMakeCXXCompilerId.cpp" produced "a.exe"

The CXX compiler identification is GNU, found in "/cygdrive/c/Users/dietb/CLionProjects/2188HW9/cmake-build-debug/CMakeFiles/3.15.3/CompilerIdCXX/a.exe"

Determining if the C compiler works passed with the following output:
Change Dir: /cygdrive/c/Users/dietb/CLionProjects/2188HW9/cmake-build-debug/CMakeFiles/CMakeTmp

Run Build Command(s):/cygdrive/c/Strawberry/c/bin/gmake.exe cmTC_aa0e2/fast && C:/Strawberry/c/bin/gmake -f CMakeFiles/cmTC_aa0e2.dir/build.make CMakeFiles/cmTC_aa0e2.dir/build
gmake[1]: Entering directory 'C:/Users/dietb/CLionProjects/2188HW9/cmake-build-debug/CMakeFiles/CMakeTmp'
Building C object CMakeFiles/cmTC_aa0e2.dir/testCCompiler.c.o
/usr/bin/cc    -o CMakeFiles/cmTC_aa0e2.dir/testCCompiler.c.o   -c /cygdrive/c/Users/dietb/CLionProjects/2188HW9/cmake-build-debug/CMakeFiles/CMakeTmp/testCCompiler.c
Linking C executable cmTC_aa0e2.exe
/cygdrive/c/Users/dietb/.CLion2019.3/system/cygwin_cmake/bin/cmake.exe -E cmake_link_script CMakeFiles/cmTC_aa0e2.dir/link.txt --verbose=1
/usr/bin/cc    -Wl,--enable-auto-import  CMakeFiles/cmTC_aa0e2.dir/testCCompiler.c.o  -o cmTC_aa0e2.exe -Wl,--out-implib,libcmTC_aa0e2.dll.a -Wl,--major-image-version,0,--minor-image-version,0 
gmake[1]: Leaving directory 'C:/Users/dietb/CLionProjects/2188HW9/cmake-build-debug/CMakeFiles/CMakeTmp'



Determining if the CXX compiler works passed with the following output:
Change Dir: /cygdrive/c/Users/dietb/CLionProjects/2188HW9/cmake-build-debug/CMakeFiles/CMakeTmp

Run Build Command(s):/cygdrive/c/Strawberry/c/bin/gmake.exe cmTC_f51a5/fast && C:/Strawberry/c/bin/gmake -f CMakeFiles/cmTC_f51a5.dir/build.make CMakeFiles/cmTC_f51a5.dir/build
gmake[1]: Entering directory 'C:/Users/dietb/CLionProjects/2188HW9/cmake-build-debug/CMakeFiles/CMakeTmp'
Building CXX object CMakeFiles/cmTC_f51a5.dir/testCXXCompiler.cxx.o
/usr/bin/c++.exe     -o CMakeFiles/cmTC_f51a5.dir/testCXXCompiler.cxx.o -c /cygdrive/c/Users/dietb/CLionProjects/2188HW9/cmake-build-debug/CMakeFiles/CMakeTmp/testCXXCompiler.cxx
Linking CXX executable cmTC_f51a5.exe
/cygdrive/c/Users/dietb/.CLion2019.3/system/cygwin_cmake/bin/cmake.exe -E cmake_link_script CMakeFiles/cmTC_f51a5.dir/link.txt --verbose=1
/usr/bin/c++.exe    -Wl,--enable-auto-import  CMakeFiles/cmTC_f51a5.dir/testCXXCompiler.cxx.o  -o cmTC_f51a5.exe -Wl,--out-implib,libcmTC_f51a5.dll.a -Wl,--major-image-version,0,--minor-image-version,0 
gmake[1]: Leaving directory 'C:/Users/dietb/CLionProjects/2188HW9/cmake-build-debug/CMakeFiles/CMakeTmp'



